This is pdfTeX, Version 3.14159265-2.6-1.40.19 (TeX Live 2018/Debian) (preloaded format=pdflatex 2018.5.19)  19 MAY 2018 16:14
entering extended mode
 restricted \write18 enabled.
 %&-line parsing enabled.
**rap.tex
(./rap.tex
LaTeX2e <2018-04-01> patch level 4
Babel <3.20> and hyphenation patterns for 9 language(s) loaded.
(/usr/share/texlive/texmf-dist/tex/latex/base/article.cls
Document Class: article 2014/09/29 v1.4h Standard LaTeX document class
(/usr/share/texlive/texmf-dist/tex/latex/base/size10.clo
File: size10.clo 2014/09/29 v1.4h Standard LaTeX file (size option)
)
\c@part=\count80
\c@section=\count81
\c@subsection=\count82
\c@subsubsection=\count83
\c@paragraph=\count84
\c@subparagraph=\count85
\c@figure=\count86
\c@table=\count87
\abovecaptionskip=\skip41
\belowcaptionskip=\skip42
\bibindent=\dimen102
)
(/usr/share/texlive/texmf-dist/tex/latex/base/inputenc.sty
Package: inputenc 2018/04/06 v1.3b Input encoding file
\inpenc@prehook=\toks14
\inpenc@posthook=\toks15
) (./rap.aux)
\openout1 = `rap.aux'.

LaTeX Font Info:    Checking defaults for OML/cmm/m/it on input line 3.
LaTeX Font Info:    ... okay on input line 3.
LaTeX Font Info:    Checking defaults for T1/cmr/m/n on input line 3.
LaTeX Font Info:    ... okay on input line 3.
LaTeX Font Info:    Checking defaults for OT1/cmr/m/n on input line 3.
LaTeX Font Info:    ... okay on input line 3.
LaTeX Font Info:    Checking defaults for OMS/cmsy/m/n on input line 3.
LaTeX Font Info:    ... okay on input line 3.
LaTeX Font Info:    Checking defaults for OMX/cmex/m/n on input line 3.
LaTeX Font Info:    ... okay on input line 3.
LaTeX Font Info:    Checking defaults for U/cmr/m/n on input line 3.
LaTeX Font Info:    ... okay on input line 3.

Overfull \hbox (43.49661pt too wide) in paragraph at lines 15--15
[]\OT1/cmtt/m/n/10 les fonctions verifier_format_etat_alphabet(),verifier_forma
t_transition()[] 
 []


Overfull \hbox (43.49661pt too wide) in paragraph at lines 15--15
[]\OT1/cmtt/m/n/10 lorsque l'utilisateur charge un fichier,ces fonctions verifi
e si le format[] 
 []


Overfull \hbox (53.99652pt too wide) in paragraph at lines 24--24
[]\OT1/cmtt/m/n/10 la fonction charger_fichier() se charge de la fonctionalit^^
Se charger fichier,[] 
 []


Overfull \hbox (27.74675pt too wide) in paragraph at lines 24--24
[]\OT1/cmtt/m/n/10 les variable globales(=NC,NE,NR,NT) et remplir la matrice de
 transition[] 
 []


Overfull \hbox (11.99689pt too wide) in paragraph at lines 35--35
[]\OT1/cmtt/m/n/10 la fonction conversion_donne_fichier() se charge de la fonct
ionalit^^Se[] 
 []


Overfull \hbox (38.24666pt too wide) in paragraph at lines 35--35
[] \OT1/cmtt/m/n/10 o^^Ru on va sauvegarder les donn^^Sees ^^Ra la fonction con
version_donne_fichier.[] 
 []


Overfull \hbox (64.49643pt too wide) in paragraph at lines 35--35
[]\OT1/cmtt/m/n/10 cette fonction cree le fichier ^^Ra partir du nom du fichier
 re^^Xcu par l'interface[] 
 []


Overfull \hbox (17.24684pt too wide) in paragraph at lines 48--48
[]\OT1/cmtt/m/n/10 les fonctions creation_log(),ecriture_log(T_machine T,FILE* 
fichier1,[] 
 []


Overfull \hbox (53.99652pt too wide) in paragraph at lines 48--48
[]\OT1/cmtt/m/n/10 FILE* fichier2,FILE* fichier3,int *position_texte),fermeture
_log() se charge[] 
 []


Overfull \hbox (48.74657pt too wide) in paragraph at lines 48--48
[]\OT1/cmtt/m/n/10 - la fonction ecrire_log ecrire chaque transition effectu^^S
e par le programme[] 
 []

[1

{/var/lib/texmf/fonts/map/pdftex/updmap/pdftex.map}] (./rap.aux) ) 
Here is how much of TeX's memory you used:
 235 strings out of 494488
 2636 string characters out of 6175026
 58618 words of memory out of 5000000
 3962 multiletter control sequences out of 15000+600000
 5364 words of font info for 20 fonts, out of 8000000 for 9000
 59 hyphenation exceptions out of 8191
 23i,4n,18p,138b,145s stack positions out of 5000i,500n,10000p,200000b,80000s
</usr/share/t
exlive/texmf-dist/fonts/type1/public/amsfonts/cm/cmbx12.pfb></usr/share/texlive
/texmf-dist/fonts/type1/public/amsfonts/cm/cmr10.pfb></usr/share/texlive/texmf-
dist/fonts/type1/public/amsfonts/cm/cmti10.pfb></usr/share/texlive/texmf-dist/f
onts/type1/public/amsfonts/cm/cmtt10.pfb>
Output written on rap.pdf (1 page, 48395 bytes).
PDF statistics:
 24 PDF objects out of 1000 (max. 8388607)
 16 compressed objects within 1 object stream
 0 named destinations out of 1000 (max. 500000)
 1 words of extra memory for PDF output out of 10000 (max. 10000000)

